[2024-01-25T23:39:02.234+0000] {processor.py:161} INFO - Started process (PID=289) to work on /opt/airflow/dags/cvd_pipeline_1.py
[2024-01-25T23:39:02.235+0000] {processor.py:830} INFO - Processing file /opt/airflow/dags/cvd_pipeline_1.py for tasks to queue
[2024-01-25T23:39:02.239+0000] {logging_mixin.py:188} INFO - [2024-01-25T23:39:02.238+0000] {dagbag.py:538} INFO - Filling up the DagBag from /opt/airflow/dags/cvd_pipeline_1.py
[2024-01-25T23:39:02.302+0000] {processor.py:840} INFO - DAG(s) 'cvd_automation_pipeline' retrieved from /opt/airflow/dags/cvd_pipeline_1.py
[2024-01-25T23:39:02.603+0000] {logging_mixin.py:188} INFO - [2024-01-25T23:39:02.603+0000] {dag.py:3036} INFO - Sync 1 DAGs
[2024-01-25T23:39:02.621+0000] {logging_mixin.py:188} INFO - [2024-01-25T23:39:02.620+0000] {dag.py:3823} INFO - Setting next_dagrun for cvd_automation_pipeline to None, run_after=None
[2024-01-25T23:39:02.656+0000] {processor.py:183} INFO - Processing /opt/airflow/dags/cvd_pipeline_1.py took 0.434 seconds
[2024-01-25T23:39:32.835+0000] {processor.py:161} INFO - Started process (PID=300) to work on /opt/airflow/dags/cvd_pipeline_1.py
[2024-01-25T23:39:32.836+0000] {processor.py:830} INFO - Processing file /opt/airflow/dags/cvd_pipeline_1.py for tasks to queue
[2024-01-25T23:39:32.836+0000] {logging_mixin.py:188} INFO - [2024-01-25T23:39:32.836+0000] {dagbag.py:538} INFO - Filling up the DagBag from /opt/airflow/dags/cvd_pipeline_1.py
[2024-01-25T23:39:32.851+0000] {processor.py:840} INFO - DAG(s) 'cvd_automation_pipeline' retrieved from /opt/airflow/dags/cvd_pipeline_1.py
[2024-01-25T23:39:32.876+0000] {logging_mixin.py:188} INFO - [2024-01-25T23:39:32.876+0000] {dag.py:3036} INFO - Sync 1 DAGs
[2024-01-25T23:39:32.888+0000] {logging_mixin.py:188} INFO - [2024-01-25T23:39:32.887+0000] {dag.py:3823} INFO - Setting next_dagrun for cvd_automation_pipeline to None, run_after=None
[2024-01-25T23:39:32.905+0000] {processor.py:183} INFO - Processing /opt/airflow/dags/cvd_pipeline_1.py took 0.072 seconds
[2024-01-25T23:40:03.008+0000] {processor.py:161} INFO - Started process (PID=311) to work on /opt/airflow/dags/cvd_pipeline_1.py
[2024-01-25T23:40:03.008+0000] {processor.py:830} INFO - Processing file /opt/airflow/dags/cvd_pipeline_1.py for tasks to queue
[2024-01-25T23:40:03.009+0000] {logging_mixin.py:188} INFO - [2024-01-25T23:40:03.009+0000] {dagbag.py:538} INFO - Filling up the DagBag from /opt/airflow/dags/cvd_pipeline_1.py
[2024-01-25T23:40:03.024+0000] {processor.py:840} INFO - DAG(s) 'cvd_automation_pipeline' retrieved from /opt/airflow/dags/cvd_pipeline_1.py
[2024-01-25T23:40:03.043+0000] {logging_mixin.py:188} INFO - [2024-01-25T23:40:03.043+0000] {dag.py:3036} INFO - Sync 1 DAGs
[2024-01-25T23:40:03.053+0000] {logging_mixin.py:188} INFO - [2024-01-25T23:40:03.053+0000] {dag.py:3823} INFO - Setting next_dagrun for cvd_automation_pipeline to None, run_after=None
[2024-01-25T23:40:03.069+0000] {processor.py:183} INFO - Processing /opt/airflow/dags/cvd_pipeline_1.py took 0.064 seconds
[2024-01-25T23:40:33.240+0000] {processor.py:161} INFO - Started process (PID=322) to work on /opt/airflow/dags/cvd_pipeline_1.py
[2024-01-25T23:40:33.242+0000] {processor.py:830} INFO - Processing file /opt/airflow/dags/cvd_pipeline_1.py for tasks to queue
[2024-01-25T23:40:33.243+0000] {logging_mixin.py:188} INFO - [2024-01-25T23:40:33.243+0000] {dagbag.py:538} INFO - Filling up the DagBag from /opt/airflow/dags/cvd_pipeline_1.py
[2024-01-25T23:40:33.272+0000] {processor.py:840} INFO - DAG(s) 'cvd_automation_pipeline' retrieved from /opt/airflow/dags/cvd_pipeline_1.py
[2024-01-25T23:40:33.304+0000] {logging_mixin.py:188} INFO - [2024-01-25T23:40:33.304+0000] {dag.py:3036} INFO - Sync 1 DAGs
[2024-01-25T23:40:33.314+0000] {logging_mixin.py:188} INFO - [2024-01-25T23:40:33.314+0000] {dag.py:3823} INFO - Setting next_dagrun for cvd_automation_pipeline to None, run_after=None
[2024-01-25T23:40:33.329+0000] {processor.py:183} INFO - Processing /opt/airflow/dags/cvd_pipeline_1.py took 0.102 seconds
[2024-01-25T23:41:03.387+0000] {processor.py:161} INFO - Started process (PID=371) to work on /opt/airflow/dags/cvd_pipeline_1.py
[2024-01-25T23:41:03.388+0000] {processor.py:830} INFO - Processing file /opt/airflow/dags/cvd_pipeline_1.py for tasks to queue
[2024-01-25T23:41:03.389+0000] {logging_mixin.py:188} INFO - [2024-01-25T23:41:03.388+0000] {dagbag.py:538} INFO - Filling up the DagBag from /opt/airflow/dags/cvd_pipeline_1.py
[2024-01-25T23:41:03.402+0000] {processor.py:840} INFO - DAG(s) 'cvd_automation_pipeline' retrieved from /opt/airflow/dags/cvd_pipeline_1.py
[2024-01-25T23:41:03.423+0000] {logging_mixin.py:188} INFO - [2024-01-25T23:41:03.422+0000] {dag.py:3036} INFO - Sync 1 DAGs
[2024-01-25T23:41:03.434+0000] {logging_mixin.py:188} INFO - [2024-01-25T23:41:03.434+0000] {dag.py:3823} INFO - Setting next_dagrun for cvd_automation_pipeline to None, run_after=None
[2024-01-25T23:41:03.450+0000] {processor.py:183} INFO - Processing /opt/airflow/dags/cvd_pipeline_1.py took 0.065 seconds
[2024-01-25T23:41:33.561+0000] {processor.py:161} INFO - Started process (PID=382) to work on /opt/airflow/dags/cvd_pipeline_1.py
[2024-01-25T23:41:33.562+0000] {processor.py:830} INFO - Processing file /opt/airflow/dags/cvd_pipeline_1.py for tasks to queue
[2024-01-25T23:41:33.563+0000] {logging_mixin.py:188} INFO - [2024-01-25T23:41:33.563+0000] {dagbag.py:538} INFO - Filling up the DagBag from /opt/airflow/dags/cvd_pipeline_1.py
[2024-01-25T23:41:33.579+0000] {processor.py:840} INFO - DAG(s) 'cvd_automation_pipeline' retrieved from /opt/airflow/dags/cvd_pipeline_1.py
[2024-01-25T23:41:33.599+0000] {logging_mixin.py:188} INFO - [2024-01-25T23:41:33.599+0000] {dag.py:3036} INFO - Sync 1 DAGs
[2024-01-25T23:41:33.610+0000] {logging_mixin.py:188} INFO - [2024-01-25T23:41:33.610+0000] {dag.py:3823} INFO - Setting next_dagrun for cvd_automation_pipeline to None, run_after=None
[2024-01-25T23:41:33.626+0000] {processor.py:183} INFO - Processing /opt/airflow/dags/cvd_pipeline_1.py took 0.068 seconds
[2024-01-25T23:42:03.769+0000] {processor.py:161} INFO - Started process (PID=393) to work on /opt/airflow/dags/cvd_pipeline_1.py
[2024-01-25T23:42:03.770+0000] {processor.py:830} INFO - Processing file /opt/airflow/dags/cvd_pipeline_1.py for tasks to queue
[2024-01-25T23:42:03.771+0000] {logging_mixin.py:188} INFO - [2024-01-25T23:42:03.771+0000] {dagbag.py:538} INFO - Filling up the DagBag from /opt/airflow/dags/cvd_pipeline_1.py
[2024-01-25T23:42:03.785+0000] {processor.py:840} INFO - DAG(s) 'cvd_automation_pipeline' retrieved from /opt/airflow/dags/cvd_pipeline_1.py
[2024-01-25T23:42:03.804+0000] {logging_mixin.py:188} INFO - [2024-01-25T23:42:03.803+0000] {dag.py:3036} INFO - Sync 1 DAGs
[2024-01-25T23:42:03.813+0000] {logging_mixin.py:188} INFO - [2024-01-25T23:42:03.813+0000] {dag.py:3823} INFO - Setting next_dagrun for cvd_automation_pipeline to None, run_after=None
[2024-01-25T23:42:03.829+0000] {processor.py:183} INFO - Processing /opt/airflow/dags/cvd_pipeline_1.py took 0.062 seconds
[2024-01-25T23:42:33.945+0000] {processor.py:161} INFO - Started process (PID=404) to work on /opt/airflow/dags/cvd_pipeline_1.py
[2024-01-25T23:42:33.946+0000] {processor.py:830} INFO - Processing file /opt/airflow/dags/cvd_pipeline_1.py for tasks to queue
[2024-01-25T23:42:33.947+0000] {logging_mixin.py:188} INFO - [2024-01-25T23:42:33.947+0000] {dagbag.py:538} INFO - Filling up the DagBag from /opt/airflow/dags/cvd_pipeline_1.py
[2024-01-25T23:42:33.962+0000] {processor.py:840} INFO - DAG(s) 'cvd_automation_pipeline' retrieved from /opt/airflow/dags/cvd_pipeline_1.py
[2024-01-25T23:42:33.982+0000] {logging_mixin.py:188} INFO - [2024-01-25T23:42:33.982+0000] {dag.py:3036} INFO - Sync 1 DAGs
[2024-01-25T23:42:33.993+0000] {logging_mixin.py:188} INFO - [2024-01-25T23:42:33.993+0000] {dag.py:3823} INFO - Setting next_dagrun for cvd_automation_pipeline to None, run_after=None
[2024-01-25T23:42:34.009+0000] {processor.py:183} INFO - Processing /opt/airflow/dags/cvd_pipeline_1.py took 0.066 seconds
[2024-01-25T23:43:04.146+0000] {processor.py:161} INFO - Started process (PID=415) to work on /opt/airflow/dags/cvd_pipeline_1.py
[2024-01-25T23:43:04.147+0000] {processor.py:830} INFO - Processing file /opt/airflow/dags/cvd_pipeline_1.py for tasks to queue
[2024-01-25T23:43:04.148+0000] {logging_mixin.py:188} INFO - [2024-01-25T23:43:04.148+0000] {dagbag.py:538} INFO - Filling up the DagBag from /opt/airflow/dags/cvd_pipeline_1.py
[2024-01-25T23:43:04.162+0000] {processor.py:840} INFO - DAG(s) 'cvd_automation_pipeline' retrieved from /opt/airflow/dags/cvd_pipeline_1.py
[2024-01-25T23:43:04.181+0000] {logging_mixin.py:188} INFO - [2024-01-25T23:43:04.181+0000] {dag.py:3036} INFO - Sync 1 DAGs
[2024-01-25T23:43:04.191+0000] {logging_mixin.py:188} INFO - [2024-01-25T23:43:04.191+0000] {dag.py:3823} INFO - Setting next_dagrun for cvd_automation_pipeline to None, run_after=None
[2024-01-25T23:43:04.206+0000] {processor.py:183} INFO - Processing /opt/airflow/dags/cvd_pipeline_1.py took 0.062 seconds
[2024-01-25T23:43:34.321+0000] {processor.py:161} INFO - Started process (PID=426) to work on /opt/airflow/dags/cvd_pipeline_1.py
[2024-01-25T23:43:34.321+0000] {processor.py:830} INFO - Processing file /opt/airflow/dags/cvd_pipeline_1.py for tasks to queue
[2024-01-25T23:43:34.322+0000] {logging_mixin.py:188} INFO - [2024-01-25T23:43:34.322+0000] {dagbag.py:538} INFO - Filling up the DagBag from /opt/airflow/dags/cvd_pipeline_1.py
[2024-01-25T23:43:34.338+0000] {processor.py:840} INFO - DAG(s) 'cvd_automation_pipeline' retrieved from /opt/airflow/dags/cvd_pipeline_1.py
[2024-01-25T23:43:34.358+0000] {logging_mixin.py:188} INFO - [2024-01-25T23:43:34.358+0000] {dag.py:3036} INFO - Sync 1 DAGs
[2024-01-25T23:43:34.368+0000] {logging_mixin.py:188} INFO - [2024-01-25T23:43:34.368+0000] {dag.py:3823} INFO - Setting next_dagrun for cvd_automation_pipeline to None, run_after=None
[2024-01-25T23:43:34.386+0000] {processor.py:183} INFO - Processing /opt/airflow/dags/cvd_pipeline_1.py took 0.067 seconds
[2024-01-25T23:44:04.542+0000] {processor.py:161} INFO - Started process (PID=437) to work on /opt/airflow/dags/cvd_pipeline_1.py
[2024-01-25T23:44:04.543+0000] {processor.py:830} INFO - Processing file /opt/airflow/dags/cvd_pipeline_1.py for tasks to queue
[2024-01-25T23:44:04.544+0000] {logging_mixin.py:188} INFO - [2024-01-25T23:44:04.544+0000] {dagbag.py:538} INFO - Filling up the DagBag from /opt/airflow/dags/cvd_pipeline_1.py
[2024-01-25T23:44:04.558+0000] {processor.py:840} INFO - DAG(s) 'cvd_automation_pipeline' retrieved from /opt/airflow/dags/cvd_pipeline_1.py
[2024-01-25T23:44:04.577+0000] {logging_mixin.py:188} INFO - [2024-01-25T23:44:04.577+0000] {dag.py:3036} INFO - Sync 1 DAGs
[2024-01-25T23:44:04.588+0000] {logging_mixin.py:188} INFO - [2024-01-25T23:44:04.588+0000] {dag.py:3823} INFO - Setting next_dagrun for cvd_automation_pipeline to None, run_after=None
[2024-01-25T23:44:04.603+0000] {processor.py:183} INFO - Processing /opt/airflow/dags/cvd_pipeline_1.py took 0.063 seconds
[2024-01-25T23:44:34.711+0000] {processor.py:161} INFO - Started process (PID=448) to work on /opt/airflow/dags/cvd_pipeline_1.py
[2024-01-25T23:44:34.712+0000] {processor.py:830} INFO - Processing file /opt/airflow/dags/cvd_pipeline_1.py for tasks to queue
[2024-01-25T23:44:34.712+0000] {logging_mixin.py:188} INFO - [2024-01-25T23:44:34.712+0000] {dagbag.py:538} INFO - Filling up the DagBag from /opt/airflow/dags/cvd_pipeline_1.py
[2024-01-25T23:44:34.726+0000] {processor.py:840} INFO - DAG(s) 'cvd_automation_pipeline' retrieved from /opt/airflow/dags/cvd_pipeline_1.py
[2024-01-25T23:44:34.747+0000] {logging_mixin.py:188} INFO - [2024-01-25T23:44:34.747+0000] {dag.py:3036} INFO - Sync 1 DAGs
[2024-01-25T23:44:34.756+0000] {logging_mixin.py:188} INFO - [2024-01-25T23:44:34.756+0000] {dag.py:3823} INFO - Setting next_dagrun for cvd_automation_pipeline to None, run_after=None
[2024-01-25T23:44:34.775+0000] {processor.py:183} INFO - Processing /opt/airflow/dags/cvd_pipeline_1.py took 0.066 seconds
[2024-01-25T23:45:04.909+0000] {processor.py:161} INFO - Started process (PID=459) to work on /opt/airflow/dags/cvd_pipeline_1.py
[2024-01-25T23:45:04.910+0000] {processor.py:830} INFO - Processing file /opt/airflow/dags/cvd_pipeline_1.py for tasks to queue
[2024-01-25T23:45:04.911+0000] {logging_mixin.py:188} INFO - [2024-01-25T23:45:04.911+0000] {dagbag.py:538} INFO - Filling up the DagBag from /opt/airflow/dags/cvd_pipeline_1.py
[2024-01-25T23:45:04.923+0000] {processor.py:840} INFO - DAG(s) 'cvd_automation_pipeline' retrieved from /opt/airflow/dags/cvd_pipeline_1.py
[2024-01-25T23:45:04.942+0000] {logging_mixin.py:188} INFO - [2024-01-25T23:45:04.942+0000] {dag.py:3036} INFO - Sync 1 DAGs
[2024-01-25T23:45:04.951+0000] {logging_mixin.py:188} INFO - [2024-01-25T23:45:04.951+0000] {dag.py:3823} INFO - Setting next_dagrun for cvd_automation_pipeline to None, run_after=None
[2024-01-25T23:45:04.975+0000] {processor.py:183} INFO - Processing /opt/airflow/dags/cvd_pipeline_1.py took 0.068 seconds
[2024-01-25T23:45:35.081+0000] {processor.py:161} INFO - Started process (PID=470) to work on /opt/airflow/dags/cvd_pipeline_1.py
[2024-01-25T23:45:35.082+0000] {processor.py:830} INFO - Processing file /opt/airflow/dags/cvd_pipeline_1.py for tasks to queue
[2024-01-25T23:45:35.083+0000] {logging_mixin.py:188} INFO - [2024-01-25T23:45:35.083+0000] {dagbag.py:538} INFO - Filling up the DagBag from /opt/airflow/dags/cvd_pipeline_1.py
[2024-01-25T23:45:35.097+0000] {processor.py:840} INFO - DAG(s) 'cvd_automation_pipeline' retrieved from /opt/airflow/dags/cvd_pipeline_1.py
[2024-01-25T23:45:35.117+0000] {logging_mixin.py:188} INFO - [2024-01-25T23:45:35.117+0000] {dag.py:3036} INFO - Sync 1 DAGs
[2024-01-25T23:45:35.128+0000] {logging_mixin.py:188} INFO - [2024-01-25T23:45:35.128+0000] {dag.py:3823} INFO - Setting next_dagrun for cvd_automation_pipeline to None, run_after=None
[2024-01-25T23:45:35.151+0000] {processor.py:183} INFO - Processing /opt/airflow/dags/cvd_pipeline_1.py took 0.072 seconds
[2024-01-25T23:46:05.272+0000] {processor.py:161} INFO - Started process (PID=481) to work on /opt/airflow/dags/cvd_pipeline_1.py
[2024-01-25T23:46:05.273+0000] {processor.py:830} INFO - Processing file /opt/airflow/dags/cvd_pipeline_1.py for tasks to queue
[2024-01-25T23:46:05.274+0000] {logging_mixin.py:188} INFO - [2024-01-25T23:46:05.274+0000] {dagbag.py:538} INFO - Filling up the DagBag from /opt/airflow/dags/cvd_pipeline_1.py
[2024-01-25T23:46:05.289+0000] {processor.py:840} INFO - DAG(s) 'cvd_automation_pipeline' retrieved from /opt/airflow/dags/cvd_pipeline_1.py
[2024-01-25T23:46:05.309+0000] {logging_mixin.py:188} INFO - [2024-01-25T23:46:05.309+0000] {dag.py:3036} INFO - Sync 1 DAGs
[2024-01-25T23:46:05.320+0000] {logging_mixin.py:188} INFO - [2024-01-25T23:46:05.319+0000] {dag.py:3823} INFO - Setting next_dagrun for cvd_automation_pipeline to None, run_after=None
[2024-01-25T23:46:05.344+0000] {processor.py:183} INFO - Processing /opt/airflow/dags/cvd_pipeline_1.py took 0.074 seconds
[2024-01-25T23:46:35.462+0000] {processor.py:161} INFO - Started process (PID=492) to work on /opt/airflow/dags/cvd_pipeline_1.py
[2024-01-25T23:46:35.463+0000] {processor.py:830} INFO - Processing file /opt/airflow/dags/cvd_pipeline_1.py for tasks to queue
[2024-01-25T23:46:35.463+0000] {logging_mixin.py:188} INFO - [2024-01-25T23:46:35.463+0000] {dagbag.py:538} INFO - Filling up the DagBag from /opt/airflow/dags/cvd_pipeline_1.py
[2024-01-25T23:46:35.478+0000] {processor.py:840} INFO - DAG(s) 'cvd_automation_pipeline' retrieved from /opt/airflow/dags/cvd_pipeline_1.py
[2024-01-25T23:46:35.497+0000] {logging_mixin.py:188} INFO - [2024-01-25T23:46:35.497+0000] {dag.py:3036} INFO - Sync 1 DAGs
[2024-01-25T23:46:35.507+0000] {logging_mixin.py:188} INFO - [2024-01-25T23:46:35.507+0000] {dag.py:3823} INFO - Setting next_dagrun for cvd_automation_pipeline to None, run_after=None
[2024-01-25T23:46:35.524+0000] {processor.py:183} INFO - Processing /opt/airflow/dags/cvd_pipeline_1.py took 0.064 seconds
[2024-01-25T23:47:05.659+0000] {processor.py:161} INFO - Started process (PID=504) to work on /opt/airflow/dags/cvd_pipeline_1.py
[2024-01-25T23:47:05.660+0000] {processor.py:830} INFO - Processing file /opt/airflow/dags/cvd_pipeline_1.py for tasks to queue
[2024-01-25T23:47:05.661+0000] {logging_mixin.py:188} INFO - [2024-01-25T23:47:05.660+0000] {dagbag.py:538} INFO - Filling up the DagBag from /opt/airflow/dags/cvd_pipeline_1.py
[2024-01-25T23:47:05.675+0000] {processor.py:840} INFO - DAG(s) 'cvd_automation_pipeline' retrieved from /opt/airflow/dags/cvd_pipeline_1.py
[2024-01-25T23:47:05.694+0000] {logging_mixin.py:188} INFO - [2024-01-25T23:47:05.694+0000] {dag.py:3036} INFO - Sync 1 DAGs
[2024-01-25T23:47:05.704+0000] {logging_mixin.py:188} INFO - [2024-01-25T23:47:05.704+0000] {dag.py:3823} INFO - Setting next_dagrun for cvd_automation_pipeline to None, run_after=None
[2024-01-25T23:47:05.722+0000] {processor.py:183} INFO - Processing /opt/airflow/dags/cvd_pipeline_1.py took 0.066 seconds
[2024-01-25T23:47:35.846+0000] {processor.py:161} INFO - Started process (PID=515) to work on /opt/airflow/dags/cvd_pipeline_1.py
[2024-01-25T23:47:35.847+0000] {processor.py:830} INFO - Processing file /opt/airflow/dags/cvd_pipeline_1.py for tasks to queue
[2024-01-25T23:47:35.848+0000] {logging_mixin.py:188} INFO - [2024-01-25T23:47:35.848+0000] {dagbag.py:538} INFO - Filling up the DagBag from /opt/airflow/dags/cvd_pipeline_1.py
[2024-01-25T23:47:35.862+0000] {processor.py:840} INFO - DAG(s) 'cvd_automation_pipeline' retrieved from /opt/airflow/dags/cvd_pipeline_1.py
[2024-01-25T23:47:35.881+0000] {logging_mixin.py:188} INFO - [2024-01-25T23:47:35.881+0000] {dag.py:3036} INFO - Sync 1 DAGs
[2024-01-25T23:47:35.891+0000] {logging_mixin.py:188} INFO - [2024-01-25T23:47:35.891+0000] {dag.py:3823} INFO - Setting next_dagrun for cvd_automation_pipeline to None, run_after=None
[2024-01-25T23:47:35.916+0000] {processor.py:183} INFO - Processing /opt/airflow/dags/cvd_pipeline_1.py took 0.071 seconds
[2024-01-25T23:48:06.039+0000] {processor.py:161} INFO - Started process (PID=526) to work on /opt/airflow/dags/cvd_pipeline_1.py
[2024-01-25T23:48:06.040+0000] {processor.py:830} INFO - Processing file /opt/airflow/dags/cvd_pipeline_1.py for tasks to queue
[2024-01-25T23:48:06.040+0000] {logging_mixin.py:188} INFO - [2024-01-25T23:48:06.040+0000] {dagbag.py:538} INFO - Filling up the DagBag from /opt/airflow/dags/cvd_pipeline_1.py
[2024-01-25T23:48:06.054+0000] {processor.py:840} INFO - DAG(s) 'cvd_automation_pipeline' retrieved from /opt/airflow/dags/cvd_pipeline_1.py
[2024-01-25T23:48:06.080+0000] {logging_mixin.py:188} INFO - [2024-01-25T23:48:06.080+0000] {dag.py:3036} INFO - Sync 1 DAGs
[2024-01-25T23:48:06.090+0000] {logging_mixin.py:188} INFO - [2024-01-25T23:48:06.089+0000] {dag.py:3823} INFO - Setting next_dagrun for cvd_automation_pipeline to None, run_after=None
[2024-01-25T23:48:06.106+0000] {processor.py:183} INFO - Processing /opt/airflow/dags/cvd_pipeline_1.py took 0.069 seconds
[2024-01-25T23:48:36.235+0000] {processor.py:161} INFO - Started process (PID=537) to work on /opt/airflow/dags/cvd_pipeline_1.py
[2024-01-25T23:48:36.235+0000] {processor.py:830} INFO - Processing file /opt/airflow/dags/cvd_pipeline_1.py for tasks to queue
[2024-01-25T23:48:36.236+0000] {logging_mixin.py:188} INFO - [2024-01-25T23:48:36.236+0000] {dagbag.py:538} INFO - Filling up the DagBag from /opt/airflow/dags/cvd_pipeline_1.py
[2024-01-25T23:48:36.250+0000] {processor.py:840} INFO - DAG(s) 'cvd_automation_pipeline' retrieved from /opt/airflow/dags/cvd_pipeline_1.py
[2024-01-25T23:48:36.269+0000] {logging_mixin.py:188} INFO - [2024-01-25T23:48:36.269+0000] {dag.py:3036} INFO - Sync 1 DAGs
[2024-01-25T23:48:36.279+0000] {logging_mixin.py:188} INFO - [2024-01-25T23:48:36.279+0000] {dag.py:3823} INFO - Setting next_dagrun for cvd_automation_pipeline to None, run_after=None
[2024-01-25T23:48:36.294+0000] {processor.py:183} INFO - Processing /opt/airflow/dags/cvd_pipeline_1.py took 0.061 seconds
[2024-01-25T23:49:06.435+0000] {processor.py:161} INFO - Started process (PID=548) to work on /opt/airflow/dags/cvd_pipeline_1.py
[2024-01-25T23:49:06.436+0000] {processor.py:830} INFO - Processing file /opt/airflow/dags/cvd_pipeline_1.py for tasks to queue
[2024-01-25T23:49:06.437+0000] {logging_mixin.py:188} INFO - [2024-01-25T23:49:06.437+0000] {dagbag.py:538} INFO - Filling up the DagBag from /opt/airflow/dags/cvd_pipeline_1.py
[2024-01-25T23:49:06.452+0000] {processor.py:840} INFO - DAG(s) 'cvd_automation_pipeline' retrieved from /opt/airflow/dags/cvd_pipeline_1.py
[2024-01-25T23:49:06.471+0000] {logging_mixin.py:188} INFO - [2024-01-25T23:49:06.471+0000] {dag.py:3036} INFO - Sync 1 DAGs
[2024-01-25T23:49:06.481+0000] {logging_mixin.py:188} INFO - [2024-01-25T23:49:06.481+0000] {dag.py:3823} INFO - Setting next_dagrun for cvd_automation_pipeline to None, run_after=None
[2024-01-25T23:49:06.497+0000] {processor.py:183} INFO - Processing /opt/airflow/dags/cvd_pipeline_1.py took 0.063 seconds
[2024-01-25T23:49:36.616+0000] {processor.py:161} INFO - Started process (PID=559) to work on /opt/airflow/dags/cvd_pipeline_1.py
[2024-01-25T23:49:36.617+0000] {processor.py:830} INFO - Processing file /opt/airflow/dags/cvd_pipeline_1.py for tasks to queue
[2024-01-25T23:49:36.618+0000] {logging_mixin.py:188} INFO - [2024-01-25T23:49:36.618+0000] {dagbag.py:538} INFO - Filling up the DagBag from /opt/airflow/dags/cvd_pipeline_1.py
[2024-01-25T23:49:36.631+0000] {processor.py:840} INFO - DAG(s) 'cvd_automation_pipeline' retrieved from /opt/airflow/dags/cvd_pipeline_1.py
[2024-01-25T23:49:36.650+0000] {logging_mixin.py:188} INFO - [2024-01-25T23:49:36.650+0000] {dag.py:3036} INFO - Sync 1 DAGs
[2024-01-25T23:49:36.660+0000] {logging_mixin.py:188} INFO - [2024-01-25T23:49:36.660+0000] {dag.py:3823} INFO - Setting next_dagrun for cvd_automation_pipeline to None, run_after=None
[2024-01-25T23:49:36.674+0000] {processor.py:183} INFO - Processing /opt/airflow/dags/cvd_pipeline_1.py took 0.060 seconds
[2024-01-25T23:50:06.810+0000] {processor.py:161} INFO - Started process (PID=570) to work on /opt/airflow/dags/cvd_pipeline_1.py
[2024-01-25T23:50:06.810+0000] {processor.py:830} INFO - Processing file /opt/airflow/dags/cvd_pipeline_1.py for tasks to queue
[2024-01-25T23:50:06.811+0000] {logging_mixin.py:188} INFO - [2024-01-25T23:50:06.811+0000] {dagbag.py:538} INFO - Filling up the DagBag from /opt/airflow/dags/cvd_pipeline_1.py
[2024-01-25T23:50:06.825+0000] {processor.py:840} INFO - DAG(s) 'cvd_automation_pipeline' retrieved from /opt/airflow/dags/cvd_pipeline_1.py
[2024-01-25T23:50:06.845+0000] {logging_mixin.py:188} INFO - [2024-01-25T23:50:06.844+0000] {dag.py:3036} INFO - Sync 1 DAGs
[2024-01-25T23:50:06.855+0000] {logging_mixin.py:188} INFO - [2024-01-25T23:50:06.855+0000] {dag.py:3823} INFO - Setting next_dagrun for cvd_automation_pipeline to None, run_after=None
[2024-01-25T23:50:06.871+0000] {processor.py:183} INFO - Processing /opt/airflow/dags/cvd_pipeline_1.py took 0.063 seconds
[2024-01-25T23:50:36.995+0000] {processor.py:161} INFO - Started process (PID=581) to work on /opt/airflow/dags/cvd_pipeline_1.py
[2024-01-25T23:50:36.995+0000] {processor.py:830} INFO - Processing file /opt/airflow/dags/cvd_pipeline_1.py for tasks to queue
[2024-01-25T23:50:36.996+0000] {logging_mixin.py:188} INFO - [2024-01-25T23:50:36.996+0000] {dagbag.py:538} INFO - Filling up the DagBag from /opt/airflow/dags/cvd_pipeline_1.py
[2024-01-25T23:50:37.011+0000] {processor.py:840} INFO - DAG(s) 'cvd_automation_pipeline' retrieved from /opt/airflow/dags/cvd_pipeline_1.py
[2024-01-25T23:50:37.030+0000] {logging_mixin.py:188} INFO - [2024-01-25T23:50:37.029+0000] {dag.py:3036} INFO - Sync 1 DAGs
[2024-01-25T23:50:37.039+0000] {logging_mixin.py:188} INFO - [2024-01-25T23:50:37.039+0000] {dag.py:3823} INFO - Setting next_dagrun for cvd_automation_pipeline to None, run_after=None
[2024-01-25T23:50:37.057+0000] {processor.py:183} INFO - Processing /opt/airflow/dags/cvd_pipeline_1.py took 0.064 seconds
[2024-01-25T23:51:07.194+0000] {processor.py:161} INFO - Started process (PID=592) to work on /opt/airflow/dags/cvd_pipeline_1.py
[2024-01-25T23:51:07.194+0000] {processor.py:830} INFO - Processing file /opt/airflow/dags/cvd_pipeline_1.py for tasks to queue
[2024-01-25T23:51:07.195+0000] {logging_mixin.py:188} INFO - [2024-01-25T23:51:07.195+0000] {dagbag.py:538} INFO - Filling up the DagBag from /opt/airflow/dags/cvd_pipeline_1.py
[2024-01-25T23:51:07.209+0000] {processor.py:840} INFO - DAG(s) 'cvd_automation_pipeline' retrieved from /opt/airflow/dags/cvd_pipeline_1.py
[2024-01-25T23:51:07.229+0000] {logging_mixin.py:188} INFO - [2024-01-25T23:51:07.229+0000] {dag.py:3036} INFO - Sync 1 DAGs
[2024-01-25T23:51:07.238+0000] {logging_mixin.py:188} INFO - [2024-01-25T23:51:07.238+0000] {dag.py:3823} INFO - Setting next_dagrun for cvd_automation_pipeline to None, run_after=None
[2024-01-25T23:51:07.254+0000] {processor.py:183} INFO - Processing /opt/airflow/dags/cvd_pipeline_1.py took 0.063 seconds
[2024-01-25T23:51:37.382+0000] {processor.py:161} INFO - Started process (PID=603) to work on /opt/airflow/dags/cvd_pipeline_1.py
[2024-01-25T23:51:37.383+0000] {processor.py:830} INFO - Processing file /opt/airflow/dags/cvd_pipeline_1.py for tasks to queue
[2024-01-25T23:51:37.384+0000] {logging_mixin.py:188} INFO - [2024-01-25T23:51:37.384+0000] {dagbag.py:538} INFO - Filling up the DagBag from /opt/airflow/dags/cvd_pipeline_1.py
[2024-01-25T23:51:37.400+0000] {processor.py:840} INFO - DAG(s) 'cvd_automation_pipeline' retrieved from /opt/airflow/dags/cvd_pipeline_1.py
[2024-01-25T23:51:37.422+0000] {logging_mixin.py:188} INFO - [2024-01-25T23:51:37.422+0000] {dag.py:3036} INFO - Sync 1 DAGs
[2024-01-25T23:51:37.434+0000] {logging_mixin.py:188} INFO - [2024-01-25T23:51:37.434+0000] {dag.py:3823} INFO - Setting next_dagrun for cvd_automation_pipeline to None, run_after=None
[2024-01-25T23:51:37.452+0000] {processor.py:183} INFO - Processing /opt/airflow/dags/cvd_pipeline_1.py took 0.073 seconds
[2024-01-25T23:52:07.556+0000] {processor.py:161} INFO - Started process (PID=614) to work on /opt/airflow/dags/cvd_pipeline_1.py
[2024-01-25T23:52:07.557+0000] {processor.py:830} INFO - Processing file /opt/airflow/dags/cvd_pipeline_1.py for tasks to queue
[2024-01-25T23:52:07.558+0000] {logging_mixin.py:188} INFO - [2024-01-25T23:52:07.558+0000] {dagbag.py:538} INFO - Filling up the DagBag from /opt/airflow/dags/cvd_pipeline_1.py
[2024-01-25T23:52:07.573+0000] {processor.py:840} INFO - DAG(s) 'cvd_automation_pipeline' retrieved from /opt/airflow/dags/cvd_pipeline_1.py
[2024-01-25T23:52:07.594+0000] {logging_mixin.py:188} INFO - [2024-01-25T23:52:07.594+0000] {dag.py:3036} INFO - Sync 1 DAGs
[2024-01-25T23:52:07.605+0000] {logging_mixin.py:188} INFO - [2024-01-25T23:52:07.605+0000] {dag.py:3823} INFO - Setting next_dagrun for cvd_automation_pipeline to None, run_after=None
[2024-01-25T23:52:07.622+0000] {processor.py:183} INFO - Processing /opt/airflow/dags/cvd_pipeline_1.py took 0.068 seconds
[2024-01-25T23:52:37.765+0000] {processor.py:161} INFO - Started process (PID=625) to work on /opt/airflow/dags/cvd_pipeline_1.py
[2024-01-25T23:52:37.765+0000] {processor.py:830} INFO - Processing file /opt/airflow/dags/cvd_pipeline_1.py for tasks to queue
[2024-01-25T23:52:37.766+0000] {logging_mixin.py:188} INFO - [2024-01-25T23:52:37.766+0000] {dagbag.py:538} INFO - Filling up the DagBag from /opt/airflow/dags/cvd_pipeline_1.py
[2024-01-25T23:52:37.781+0000] {processor.py:840} INFO - DAG(s) 'cvd_automation_pipeline' retrieved from /opt/airflow/dags/cvd_pipeline_1.py
[2024-01-25T23:52:37.800+0000] {logging_mixin.py:188} INFO - [2024-01-25T23:52:37.800+0000] {dag.py:3036} INFO - Sync 1 DAGs
[2024-01-25T23:52:37.811+0000] {logging_mixin.py:188} INFO - [2024-01-25T23:52:37.811+0000] {dag.py:3823} INFO - Setting next_dagrun for cvd_automation_pipeline to None, run_after=None
[2024-01-25T23:52:37.826+0000] {processor.py:183} INFO - Processing /opt/airflow/dags/cvd_pipeline_1.py took 0.063 seconds
[2024-01-25T23:53:07.939+0000] {processor.py:161} INFO - Started process (PID=636) to work on /opt/airflow/dags/cvd_pipeline_1.py
[2024-01-25T23:53:07.940+0000] {processor.py:830} INFO - Processing file /opt/airflow/dags/cvd_pipeline_1.py for tasks to queue
[2024-01-25T23:53:07.940+0000] {logging_mixin.py:188} INFO - [2024-01-25T23:53:07.940+0000] {dagbag.py:538} INFO - Filling up the DagBag from /opt/airflow/dags/cvd_pipeline_1.py
[2024-01-25T23:53:07.956+0000] {processor.py:840} INFO - DAG(s) 'cvd_automation_pipeline' retrieved from /opt/airflow/dags/cvd_pipeline_1.py
[2024-01-25T23:53:07.975+0000] {logging_mixin.py:188} INFO - [2024-01-25T23:53:07.975+0000] {dag.py:3036} INFO - Sync 1 DAGs
[2024-01-25T23:53:07.985+0000] {logging_mixin.py:188} INFO - [2024-01-25T23:53:07.985+0000] {dag.py:3823} INFO - Setting next_dagrun for cvd_automation_pipeline to None, run_after=None
[2024-01-25T23:53:08.001+0000] {processor.py:183} INFO - Processing /opt/airflow/dags/cvd_pipeline_1.py took 0.065 seconds
[2024-01-25T23:53:38.142+0000] {processor.py:161} INFO - Started process (PID=647) to work on /opt/airflow/dags/cvd_pipeline_1.py
[2024-01-25T23:53:38.143+0000] {processor.py:830} INFO - Processing file /opt/airflow/dags/cvd_pipeline_1.py for tasks to queue
[2024-01-25T23:53:38.143+0000] {logging_mixin.py:188} INFO - [2024-01-25T23:53:38.143+0000] {dagbag.py:538} INFO - Filling up the DagBag from /opt/airflow/dags/cvd_pipeline_1.py
[2024-01-25T23:53:38.158+0000] {processor.py:840} INFO - DAG(s) 'cvd_automation_pipeline' retrieved from /opt/airflow/dags/cvd_pipeline_1.py
[2024-01-25T23:53:38.178+0000] {logging_mixin.py:188} INFO - [2024-01-25T23:53:38.178+0000] {dag.py:3036} INFO - Sync 1 DAGs
[2024-01-25T23:53:38.188+0000] {logging_mixin.py:188} INFO - [2024-01-25T23:53:38.188+0000] {dag.py:3823} INFO - Setting next_dagrun for cvd_automation_pipeline to None, run_after=None
[2024-01-25T23:53:38.213+0000] {processor.py:183} INFO - Processing /opt/airflow/dags/cvd_pipeline_1.py took 0.073 seconds
[2024-01-25T23:54:08.364+0000] {processor.py:161} INFO - Started process (PID=658) to work on /opt/airflow/dags/cvd_pipeline_1.py
[2024-01-25T23:54:08.364+0000] {processor.py:830} INFO - Processing file /opt/airflow/dags/cvd_pipeline_1.py for tasks to queue
[2024-01-25T23:54:08.365+0000] {logging_mixin.py:188} INFO - [2024-01-25T23:54:08.365+0000] {dagbag.py:538} INFO - Filling up the DagBag from /opt/airflow/dags/cvd_pipeline_1.py
[2024-01-25T23:54:08.381+0000] {processor.py:840} INFO - DAG(s) 'cvd_automation_pipeline' retrieved from /opt/airflow/dags/cvd_pipeline_1.py
[2024-01-25T23:54:08.399+0000] {logging_mixin.py:188} INFO - [2024-01-25T23:54:08.399+0000] {dag.py:3036} INFO - Sync 1 DAGs
[2024-01-25T23:54:08.409+0000] {logging_mixin.py:188} INFO - [2024-01-25T23:54:08.409+0000] {dag.py:3823} INFO - Setting next_dagrun for cvd_automation_pipeline to None, run_after=None
[2024-01-25T23:54:08.425+0000] {processor.py:183} INFO - Processing /opt/airflow/dags/cvd_pipeline_1.py took 0.063 seconds
[2024-01-25T23:54:38.552+0000] {processor.py:161} INFO - Started process (PID=669) to work on /opt/airflow/dags/cvd_pipeline_1.py
[2024-01-25T23:54:38.552+0000] {processor.py:830} INFO - Processing file /opt/airflow/dags/cvd_pipeline_1.py for tasks to queue
[2024-01-25T23:54:38.553+0000] {logging_mixin.py:188} INFO - [2024-01-25T23:54:38.553+0000] {dagbag.py:538} INFO - Filling up the DagBag from /opt/airflow/dags/cvd_pipeline_1.py
[2024-01-25T23:54:38.567+0000] {processor.py:840} INFO - DAG(s) 'cvd_automation_pipeline' retrieved from /opt/airflow/dags/cvd_pipeline_1.py
[2024-01-25T23:54:38.586+0000] {logging_mixin.py:188} INFO - [2024-01-25T23:54:38.586+0000] {dag.py:3036} INFO - Sync 1 DAGs
[2024-01-25T23:54:38.596+0000] {logging_mixin.py:188} INFO - [2024-01-25T23:54:38.596+0000] {dag.py:3823} INFO - Setting next_dagrun for cvd_automation_pipeline to None, run_after=None
[2024-01-25T23:54:38.620+0000] {processor.py:183} INFO - Processing /opt/airflow/dags/cvd_pipeline_1.py took 0.071 seconds
[2024-01-25T23:55:08.750+0000] {processor.py:161} INFO - Started process (PID=680) to work on /opt/airflow/dags/cvd_pipeline_1.py
[2024-01-25T23:55:08.750+0000] {processor.py:830} INFO - Processing file /opt/airflow/dags/cvd_pipeline_1.py for tasks to queue
[2024-01-25T23:55:08.751+0000] {logging_mixin.py:188} INFO - [2024-01-25T23:55:08.751+0000] {dagbag.py:538} INFO - Filling up the DagBag from /opt/airflow/dags/cvd_pipeline_1.py
[2024-01-25T23:55:08.765+0000] {processor.py:840} INFO - DAG(s) 'cvd_automation_pipeline' retrieved from /opt/airflow/dags/cvd_pipeline_1.py
[2024-01-25T23:55:08.785+0000] {logging_mixin.py:188} INFO - [2024-01-25T23:55:08.784+0000] {dag.py:3036} INFO - Sync 1 DAGs
[2024-01-25T23:55:08.795+0000] {logging_mixin.py:188} INFO - [2024-01-25T23:55:08.794+0000] {dag.py:3823} INFO - Setting next_dagrun for cvd_automation_pipeline to None, run_after=None
[2024-01-25T23:55:08.810+0000] {processor.py:183} INFO - Processing /opt/airflow/dags/cvd_pipeline_1.py took 0.062 seconds
[2024-01-25T23:55:38.953+0000] {processor.py:161} INFO - Started process (PID=691) to work on /opt/airflow/dags/cvd_pipeline_1.py
[2024-01-25T23:55:38.954+0000] {processor.py:830} INFO - Processing file /opt/airflow/dags/cvd_pipeline_1.py for tasks to queue
[2024-01-25T23:55:38.955+0000] {logging_mixin.py:188} INFO - [2024-01-25T23:55:38.954+0000] {dagbag.py:538} INFO - Filling up the DagBag from /opt/airflow/dags/cvd_pipeline_1.py
[2024-01-25T23:55:38.968+0000] {processor.py:840} INFO - DAG(s) 'cvd_automation_pipeline' retrieved from /opt/airflow/dags/cvd_pipeline_1.py
[2024-01-25T23:55:38.988+0000] {logging_mixin.py:188} INFO - [2024-01-25T23:55:38.988+0000] {dag.py:3036} INFO - Sync 1 DAGs
[2024-01-25T23:55:38.997+0000] {logging_mixin.py:188} INFO - [2024-01-25T23:55:38.997+0000] {dag.py:3823} INFO - Setting next_dagrun for cvd_automation_pipeline to None, run_after=None
[2024-01-25T23:55:39.012+0000] {processor.py:183} INFO - Processing /opt/airflow/dags/cvd_pipeline_1.py took 0.061 seconds
[2024-01-25T23:56:09.129+0000] {processor.py:161} INFO - Started process (PID=702) to work on /opt/airflow/dags/cvd_pipeline_1.py
[2024-01-25T23:56:09.130+0000] {processor.py:830} INFO - Processing file /opt/airflow/dags/cvd_pipeline_1.py for tasks to queue
[2024-01-25T23:56:09.131+0000] {logging_mixin.py:188} INFO - [2024-01-25T23:56:09.130+0000] {dagbag.py:538} INFO - Filling up the DagBag from /opt/airflow/dags/cvd_pipeline_1.py
[2024-01-25T23:56:09.144+0000] {processor.py:840} INFO - DAG(s) 'cvd_automation_pipeline' retrieved from /opt/airflow/dags/cvd_pipeline_1.py
[2024-01-25T23:56:09.164+0000] {logging_mixin.py:188} INFO - [2024-01-25T23:56:09.163+0000] {dag.py:3036} INFO - Sync 1 DAGs
[2024-01-25T23:56:09.174+0000] {logging_mixin.py:188} INFO - [2024-01-25T23:56:09.174+0000] {dag.py:3823} INFO - Setting next_dagrun for cvd_automation_pipeline to None, run_after=None
[2024-01-25T23:56:09.190+0000] {processor.py:183} INFO - Processing /opt/airflow/dags/cvd_pipeline_1.py took 0.063 seconds
[2024-01-25T23:56:39.339+0000] {processor.py:161} INFO - Started process (PID=713) to work on /opt/airflow/dags/cvd_pipeline_1.py
[2024-01-25T23:56:39.340+0000] {processor.py:830} INFO - Processing file /opt/airflow/dags/cvd_pipeline_1.py for tasks to queue
[2024-01-25T23:56:39.341+0000] {logging_mixin.py:188} INFO - [2024-01-25T23:56:39.341+0000] {dagbag.py:538} INFO - Filling up the DagBag from /opt/airflow/dags/cvd_pipeline_1.py
[2024-01-25T23:56:39.353+0000] {processor.py:840} INFO - DAG(s) 'cvd_automation_pipeline' retrieved from /opt/airflow/dags/cvd_pipeline_1.py
[2024-01-25T23:56:39.373+0000] {logging_mixin.py:188} INFO - [2024-01-25T23:56:39.373+0000] {dag.py:3036} INFO - Sync 1 DAGs
[2024-01-25T23:56:39.384+0000] {logging_mixin.py:188} INFO - [2024-01-25T23:56:39.384+0000] {dag.py:3823} INFO - Setting next_dagrun for cvd_automation_pipeline to None, run_after=None
[2024-01-25T23:56:39.401+0000] {processor.py:183} INFO - Processing /opt/airflow/dags/cvd_pipeline_1.py took 0.064 seconds
[2024-01-25T23:57:09.523+0000] {processor.py:161} INFO - Started process (PID=724) to work on /opt/airflow/dags/cvd_pipeline_1.py
[2024-01-25T23:57:09.524+0000] {processor.py:830} INFO - Processing file /opt/airflow/dags/cvd_pipeline_1.py for tasks to queue
[2024-01-25T23:57:09.525+0000] {logging_mixin.py:188} INFO - [2024-01-25T23:57:09.524+0000] {dagbag.py:538} INFO - Filling up the DagBag from /opt/airflow/dags/cvd_pipeline_1.py
[2024-01-25T23:57:09.539+0000] {processor.py:840} INFO - DAG(s) 'cvd_automation_pipeline' retrieved from /opt/airflow/dags/cvd_pipeline_1.py
[2024-01-25T23:57:09.557+0000] {logging_mixin.py:188} INFO - [2024-01-25T23:57:09.557+0000] {dag.py:3036} INFO - Sync 1 DAGs
[2024-01-25T23:57:09.566+0000] {logging_mixin.py:188} INFO - [2024-01-25T23:57:09.566+0000] {dag.py:3823} INFO - Setting next_dagrun for cvd_automation_pipeline to None, run_after=None
[2024-01-25T23:57:09.583+0000] {processor.py:183} INFO - Processing /opt/airflow/dags/cvd_pipeline_1.py took 0.062 seconds
[2024-01-25T23:57:39.720+0000] {processor.py:161} INFO - Started process (PID=735) to work on /opt/airflow/dags/cvd_pipeline_1.py
[2024-01-25T23:57:39.720+0000] {processor.py:830} INFO - Processing file /opt/airflow/dags/cvd_pipeline_1.py for tasks to queue
[2024-01-25T23:57:39.721+0000] {logging_mixin.py:188} INFO - [2024-01-25T23:57:39.721+0000] {dagbag.py:538} INFO - Filling up the DagBag from /opt/airflow/dags/cvd_pipeline_1.py
[2024-01-25T23:57:39.733+0000] {processor.py:840} INFO - DAG(s) 'cvd_automation_pipeline' retrieved from /opt/airflow/dags/cvd_pipeline_1.py
[2024-01-25T23:57:39.751+0000] {logging_mixin.py:188} INFO - [2024-01-25T23:57:39.751+0000] {dag.py:3036} INFO - Sync 1 DAGs
[2024-01-25T23:57:39.761+0000] {logging_mixin.py:188} INFO - [2024-01-25T23:57:39.761+0000] {dag.py:3823} INFO - Setting next_dagrun for cvd_automation_pipeline to None, run_after=None
[2024-01-25T23:57:39.777+0000] {processor.py:183} INFO - Processing /opt/airflow/dags/cvd_pipeline_1.py took 0.059 seconds
[2024-01-25T23:58:09.896+0000] {processor.py:161} INFO - Started process (PID=746) to work on /opt/airflow/dags/cvd_pipeline_1.py
[2024-01-25T23:58:09.897+0000] {processor.py:830} INFO - Processing file /opt/airflow/dags/cvd_pipeline_1.py for tasks to queue
[2024-01-25T23:58:09.898+0000] {logging_mixin.py:188} INFO - [2024-01-25T23:58:09.898+0000] {dagbag.py:538} INFO - Filling up the DagBag from /opt/airflow/dags/cvd_pipeline_1.py
[2024-01-25T23:58:09.913+0000] {processor.py:840} INFO - DAG(s) 'cvd_automation_pipeline' retrieved from /opt/airflow/dags/cvd_pipeline_1.py
[2024-01-25T23:58:09.932+0000] {logging_mixin.py:188} INFO - [2024-01-25T23:58:09.932+0000] {dag.py:3036} INFO - Sync 1 DAGs
[2024-01-25T23:58:09.942+0000] {logging_mixin.py:188} INFO - [2024-01-25T23:58:09.942+0000] {dag.py:3823} INFO - Setting next_dagrun for cvd_automation_pipeline to None, run_after=None
[2024-01-25T23:58:09.958+0000] {processor.py:183} INFO - Processing /opt/airflow/dags/cvd_pipeline_1.py took 0.064 seconds
[2024-01-25T23:58:40.102+0000] {processor.py:161} INFO - Started process (PID=757) to work on /opt/airflow/dags/cvd_pipeline_1.py
[2024-01-25T23:58:40.103+0000] {processor.py:830} INFO - Processing file /opt/airflow/dags/cvd_pipeline_1.py for tasks to queue
[2024-01-25T23:58:40.104+0000] {logging_mixin.py:188} INFO - [2024-01-25T23:58:40.103+0000] {dagbag.py:538} INFO - Filling up the DagBag from /opt/airflow/dags/cvd_pipeline_1.py
[2024-01-25T23:58:40.117+0000] {processor.py:840} INFO - DAG(s) 'cvd_automation_pipeline' retrieved from /opt/airflow/dags/cvd_pipeline_1.py
[2024-01-25T23:58:40.135+0000] {logging_mixin.py:188} INFO - [2024-01-25T23:58:40.135+0000] {dag.py:3036} INFO - Sync 1 DAGs
[2024-01-25T23:58:40.144+0000] {logging_mixin.py:188} INFO - [2024-01-25T23:58:40.144+0000] {dag.py:3823} INFO - Setting next_dagrun for cvd_automation_pipeline to None, run_after=None
[2024-01-25T23:58:40.159+0000] {processor.py:183} INFO - Processing /opt/airflow/dags/cvd_pipeline_1.py took 0.059 seconds
[2024-01-25T23:59:10.311+0000] {processor.py:161} INFO - Started process (PID=768) to work on /opt/airflow/dags/cvd_pipeline_1.py
[2024-01-25T23:59:10.312+0000] {processor.py:830} INFO - Processing file /opt/airflow/dags/cvd_pipeline_1.py for tasks to queue
[2024-01-25T23:59:10.313+0000] {logging_mixin.py:188} INFO - [2024-01-25T23:59:10.312+0000] {dagbag.py:538} INFO - Filling up the DagBag from /opt/airflow/dags/cvd_pipeline_1.py
[2024-01-25T23:59:10.326+0000] {processor.py:840} INFO - DAG(s) 'cvd_automation_pipeline' retrieved from /opt/airflow/dags/cvd_pipeline_1.py
[2024-01-25T23:59:10.345+0000] {logging_mixin.py:188} INFO - [2024-01-25T23:59:10.345+0000] {dag.py:3036} INFO - Sync 1 DAGs
[2024-01-25T23:59:10.355+0000] {logging_mixin.py:188} INFO - [2024-01-25T23:59:10.355+0000] {dag.py:3823} INFO - Setting next_dagrun for cvd_automation_pipeline to None, run_after=None
[2024-01-25T23:59:10.370+0000] {processor.py:183} INFO - Processing /opt/airflow/dags/cvd_pipeline_1.py took 0.061 seconds
[2024-01-25T23:59:40.493+0000] {processor.py:161} INFO - Started process (PID=779) to work on /opt/airflow/dags/cvd_pipeline_1.py
[2024-01-25T23:59:40.494+0000] {processor.py:830} INFO - Processing file /opt/airflow/dags/cvd_pipeline_1.py for tasks to queue
[2024-01-25T23:59:40.495+0000] {logging_mixin.py:188} INFO - [2024-01-25T23:59:40.494+0000] {dagbag.py:538} INFO - Filling up the DagBag from /opt/airflow/dags/cvd_pipeline_1.py
[2024-01-25T23:59:40.508+0000] {processor.py:840} INFO - DAG(s) 'cvd_automation_pipeline' retrieved from /opt/airflow/dags/cvd_pipeline_1.py
[2024-01-25T23:59:40.527+0000] {logging_mixin.py:188} INFO - [2024-01-25T23:59:40.526+0000] {dag.py:3036} INFO - Sync 1 DAGs
[2024-01-25T23:59:40.536+0000] {logging_mixin.py:188} INFO - [2024-01-25T23:59:40.536+0000] {dag.py:3823} INFO - Setting next_dagrun for cvd_automation_pipeline to None, run_after=None
[2024-01-25T23:59:40.555+0000] {processor.py:183} INFO - Processing /opt/airflow/dags/cvd_pipeline_1.py took 0.064 seconds
